<?xml version="1.0" encoding="UTF-8"?>
<coverage generated="1685218089085" clover="3.2.0">
  <project timestamp="1685218089086" name="All files">
    <metrics statements="8" coveredstatements="7" conditionals="2" coveredconditionals="1" methods="5" coveredmethods="5" elements="15" coveredelements="13" complexity="0" loc="8" ncloc="8" packages="1" files="2" classes="2"/>
    <file name="task3.js" path="C:\Users\juand\Desktop\Microverse\JS AND NETWORKING\Mod3\Testing-Exercise\task3.js">
      <metrics statements="6" coveredstatements="5" conditionals="2" coveredconditionals="1" methods="4" coveredmethods="4"/>
      <line num="4" count="1" type="stmt"/>
      <line num="8" count="1" type="stmt"/>
      <line num="12" count="1" type="stmt"/>
      <line num="16" count="1" type="cond" truecount="1" falsecount="1"/>
      <line num="17" count="1" type="stmt"/>
      <line num="18" count="0" type="stmt"/>
    </file>
    <file name="task4.js" path="C:\Users\juand\Desktop\Microverse\JS AND NETWORKING\Mod3\Testing-Exercise\task4.js">
      <metrics statements="2" coveredstatements="2" conditionals="0" coveredconditionals="0" methods="1" coveredmethods="1"/>
      <line num="1" count="1" type="stmt"/>
      <line num="2" count="1" type="stmt"/>
    </file>
  </project>
</coverage>
