{"C:\\Users\\juand\\Desktop\\Microverse\\JS AND NETWORKING\\Mod3\\Testing-Exercise\\task3.js": {"path":"C:\\Users\\juand\\Desktop\\Microverse\\JS AND NETWORKING\\Mod3\\Testing-Exercise\\task3.js","statementMap":{"0":{"start":{"line":4,"column":8},"end":{"line":4,"column":19}},"1":{"start":{"line":8,"column":8},"end":{"line":8,"column":19}},"2":{"start":{"line":12,"column":8},"end":{"line":12,"column":19}},"3":{"start":{"line":16,"column":8},"end":{"line":18,"column":31}},"4":{"start":{"line":17,"column":9},"end":{"line":17,"column":24}},"5":{"start":{"line":18,"column":14},"end":{"line":18,"column":30}}},"fnMap":{"0":{"name":"(anonymous_0)","decl":{"start":{"line":2,"column":4},"end":{"line":2,"column":5}},"loc":{"start":{"line":3,"column":6},"end":{"line":5,"column":7}},"line":3},"1":{"name":"(anonymous_1)","decl":{"start":{"line":6,"column":4},"end":{"line":6,"column":5}},"loc":{"start":{"line":7,"column":6},"end":{"line":9,"column":7}},"line":7},"2":{"name":"(anonymous_2)","decl":{"start":{"line":10,"column":4},"end":{"line":10,"column":5}},"loc":{"start":{"line":11,"column":4},"end":{"line":13,"column":5}},"line":11},"3":{"name":"(anonymous_3)","decl":{"start":{"line":14,"column":4},"end":{"line":14,"column":5}},"loc":{"start":{"line":15,"column":4},"end":{"line":19,"column":5}},"line":15}},"branchMap":{"0":{"loc":{"start":{"line":16,"column":8},"end":{"line":18,"column":31}},"type":"if","locations":[{"start":{"line":16,"column":8},"end":{"line":18,"column":31}},{"start":{"line":18,"column":13},"end":{"line":18,"column":31}}],"line":16}},"s":{"0":1,"1":1,"2":1,"3":1,"4":1,"5":0},"f":{"0":1,"1":1,"2":1,"3":1},"b":{"0":[1,0]},"_coverageSchema":"1a1c01bbd47fc00a2c39e90264f33305004495a9","hash":"45e5d269e9f01a701af7c962dd01c13147f74835"}
,"C:\\Users\\juand\\Desktop\\Microverse\\JS AND NETWORKING\\Mod3\\Testing-Exercise\\task4.js": {"path":"C:\\Users\\juand\\Desktop\\Microverse\\JS AND NETWORKING\\Mod3\\Testing-Exercise\\task4.js","statementMap":{"0":{"start":{"line":1,"column":32},"end":{"line":3,"column":1}},"1":{"start":{"line":2,"column":4},"end":{"line":2,"column":60}}},"fnMap":{"0":{"name":"(anonymous_0)","decl":{"start":{"line":1,"column":32},"end":{"line":1,"column":33}},"loc":{"start":{"line":1,"column":44},"end":{"line":3,"column":1}},"line":1}},"branchMap":{},"s":{"0":1,"1":1},"f":{"0":1},"b":{},"_coverageSchema":"1a1c01bbd47fc00a2c39e90264f33305004495a9","hash":"416d86fcfb24673b73afa9f615c4cf1490c6e952"}
}
